2025-02-13 08:40:20,398 [main] INFO  o.e.m.w.i.f.ResourceFilteringBuildParticipant - Cleaning filtered folder for eGovTest
2025-02-13 08:47:18,704 [Worker-46: Updating Maven Project] INFO  o.e.m.w.i.f.ResourceFilteringBuildParticipant - Cleaning filtered folder for eGovTest
2025-02-13 08:50:04,031 [Worker-47: Building Workspace] INFO  o.e.m.w.i.f.ResourceFilteringBuildParticipant - Changed resources require a complete clean of filtered resources of eGovTest
2025-02-13 08:50:04,032 [Worker-47: Building Workspace] INFO  o.e.m.w.i.f.ResourceFilteringBuildParticipant - Executing resource filtering for eGovTest
2025-02-13 08:55:50,430 [Worker-27: Cleaning all projects] INFO  o.e.m.w.i.f.ResourceFilteringBuildParticipant - Cleaning filtered folder for eGovTest
2025-02-13 08:55:50,683 [Worker-27: Building] INFO  o.e.m.w.i.f.ResourceFilteringBuildParticipant - Changed resources require a complete clean of filtered resources of eGovTest
2025-02-13 08:55:50,683 [Worker-27: Building] INFO  o.e.m.w.i.f.ResourceFilteringBuildParticipant - Executing resource filtering for eGovTest
2025-02-13 13:41:48,134 [Worker-121: Building] INFO  o.e.m.w.i.f.ResourceFilteringBuildParticipant - Changed resources require a complete clean of filtered resources of eGovTest
2025-02-13 13:41:48,134 [Worker-121: Building] INFO  o.e.m.w.i.f.ResourceFilteringBuildParticipant - Executing resource filtering for eGovTest
2025-02-13 13:42:23,908 [Worker-122: Building] INFO  o.e.m.w.i.f.ResourceFilteringBuildParticipant - Changed resources require a complete clean of filtered resources of eGovTest
2025-02-13 13:42:23,908 [Worker-122: Building] INFO  o.e.m.w.i.f.ResourceFilteringBuildParticipant - Executing resource filtering for eGovTest
2025-02-13 13:42:35,568 [Worker-123: Building] INFO  o.e.m.w.i.f.ResourceFilteringBuildParticipant - Changed resources require a complete clean of filtered resources of eGovTest
2025-02-13 13:42:35,568 [Worker-123: Building] INFO  o.e.m.w.i.f.ResourceFilteringBuildParticipant - Executing resource filtering for eGovTest
2025-02-13 13:42:48,067 [Worker-119: Updating Maven Project] INFO  o.e.m.w.i.f.ResourceFilteringBuildParticipant - Cleaning filtered folder for eGovTest
2025-02-13 13:42:48,413 [Worker-124: Building] INFO  o.e.m.w.i.f.ResourceFilteringBuildParticipant - Changed resources require a complete clean of filtered resources of eGovTest
2025-02-13 13:42:48,413 [Worker-124: Building] INFO  o.e.m.w.i.f.ResourceFilteringBuildParticipant - Executing resource filtering for eGovTest
2025-02-13 13:42:55,814 [Worker-123: Building] INFO  o.e.m.w.i.f.ResourceFilteringBuildParticipant - Changed resources require a complete clean of filtered resources of eGovTest
2025-02-13 13:42:55,814 [Worker-123: Building] INFO  o.e.m.w.i.f.ResourceFilteringBuildParticipant - Executing resource filtering for eGovTest
2025-02-13 13:43:16,361 [Worker-121: Building] INFO  o.e.m.w.i.f.ResourceFilteringBuildParticipant - Changed resources require a complete clean of filtered resources of eGovTest
2025-02-13 13:43:16,362 [Worker-121: Building] INFO  o.e.m.w.i.f.ResourceFilteringBuildParticipant - Executing resource filtering for eGovTest
2025-02-13 13:43:21,959 [Worker-124: Building] INFO  o.e.m.w.i.f.ResourceFilteringBuildParticipant - Changed resources require a complete clean of filtered resources of eGovTest
2025-02-13 13:43:21,959 [Worker-124: Building] INFO  o.e.m.w.i.f.ResourceFilteringBuildParticipant - Executing resource filtering for eGovTest
2025-02-13 13:53:53,430 [Worker-136: Building] INFO  o.e.m.w.i.f.ResourceFilteringBuildParticipant - Changed resources require a complete clean of filtered resources of eGovTest
2025-02-13 13:53:53,430 [Worker-136: Building] INFO  o.e.m.w.i.f.ResourceFilteringBuildParticipant - Executing resource filtering for eGovTest
2025-02-13 14:24:46,758 [Worker-146: Cleaning all projects] INFO  o.e.m.w.i.f.ResourceFilteringBuildParticipant - Cleaning filtered folder for eGovTest
2025-02-13 14:24:47,027 [Worker-148: Building] INFO  o.e.m.w.i.f.ResourceFilteringBuildParticipant - Changed resources require a complete clean of filtered resources of eGovTest
2025-02-13 14:24:47,028 [Worker-148: Building] INFO  o.e.m.w.i.f.ResourceFilteringBuildParticipant - Executing resource filtering for eGovTest
2025-02-13 14:24:54,107 [Worker-131: Updating Maven Project] INFO  o.e.m.w.i.f.ResourceFilteringBuildParticipant - Cleaning filtered folder for eGovTest
2025-02-13 14:24:54,506 [Worker-148: Building] INFO  o.e.m.w.i.f.ResourceFilteringBuildParticipant - Changed resources require a complete clean of filtered resources of eGovTest
2025-02-13 14:24:54,506 [Worker-148: Building] INFO  o.e.m.w.i.f.ResourceFilteringBuildParticipant - Executing resource filtering for eGovTest
2025-02-13 14:29:28,886 [Worker-146: Updating Maven Project] INFO  o.e.m.w.i.f.ResourceFilteringBuildParticipant - Cleaning filtered folder for eGovTest
2025-02-13 14:29:29,277 [Worker-160: Building] INFO  o.e.m.w.i.f.ResourceFilteringBuildParticipant - Changed resources require a complete clean of filtered resources of eGovTest
2025-02-13 14:29:29,277 [Worker-160: Building] INFO  o.e.m.w.i.f.ResourceFilteringBuildParticipant - Executing resource filtering for eGovTest
2025-02-13 14:31:29,420 [Worker-161: Updating Maven Project] INFO  o.e.m.w.i.f.ResourceFilteringBuildParticipant - Cleaning filtered folder for eGovTest
2025-02-13 14:31:29,759 [Worker-159: Building] INFO  o.e.m.w.i.f.ResourceFilteringBuildParticipant - Changed resources require a complete clean of filtered resources of eGovTest
2025-02-13 14:31:29,759 [Worker-159: Building] INFO  o.e.m.w.i.f.ResourceFilteringBuildParticipant - Executing resource filtering for eGovTest
2025-02-13 14:31:44,675 [Worker-159: Cleaning all projects] INFO  o.e.m.w.i.f.ResourceFilteringBuildParticipant - Cleaning filtered folder for eGovTest
2025-02-13 14:31:44,793 [Worker-163: Building Workspace] INFO  o.e.m.w.i.f.ResourceFilteringBuildParticipant - Changed resources require a complete clean of filtered resources of eGovTest
2025-02-13 14:31:44,793 [Worker-163: Building Workspace] INFO  o.e.m.w.i.f.ResourceFilteringBuildParticipant - Executing resource filtering for eGovTest
2025-02-13 14:37:03,741 [Worker-158: Cleaning all projects] INFO  o.e.m.w.i.f.ResourceFilteringBuildParticipant - Cleaning filtered folder for eGovTest
2025-02-13 14:37:03,861 [Worker-149: Building Workspace] INFO  o.e.m.w.i.f.ResourceFilteringBuildParticipant - Changed resources require a complete clean of filtered resources of eGovTest
2025-02-13 14:37:03,861 [Worker-149: Building Workspace] INFO  o.e.m.w.i.f.ResourceFilteringBuildParticipant - Executing resource filtering for eGovTest
2025-02-13 14:37:11,506 [Worker-160: Updating Maven Project] INFO  o.e.m.w.i.f.ResourceFilteringBuildParticipant - Cleaning filtered folder for eGovTest
2025-02-13 14:51:07,494 [Worker-167: Building Workspace] INFO  o.e.m.w.i.f.ResourceFilteringBuildParticipant - Changed resources require a complete clean of filtered resources of eGovTest
2025-02-13 14:51:07,494 [Worker-167: Building Workspace] INFO  o.e.m.w.i.f.ResourceFilteringBuildParticipant - Executing resource filtering for eGovTest
2025-02-13 14:55:40,124 [Worker-175: Building Workspace] INFO  o.e.m.w.i.f.ResourceFilteringBuildParticipant - Changed resources require a complete clean of filtered resources of eGovTest
2025-02-13 14:55:40,126 [Worker-175: Building Workspace] INFO  o.e.m.w.i.f.ResourceFilteringBuildParticipant - Executing resource filtering for eGovTest
2025-02-13 14:57:46,355 [Worker-184: Building Workspace] INFO  o.e.m.w.i.f.ResourceFilteringBuildParticipant - Changed resources require a complete clean of filtered resources of eGovTest
2025-02-13 14:57:46,355 [Worker-184: Building Workspace] INFO  o.e.m.w.i.f.ResourceFilteringBuildParticipant - Executing resource filtering for eGovTest
2025-02-13 15:21:25,946 [Worker-193: Cleaning all projects] INFO  o.e.m.w.i.f.ResourceFilteringBuildParticipant - Cleaning filtered folder for eGovTest
2025-02-13 15:21:26,089 [Worker-195: Building Workspace] INFO  o.e.m.w.i.f.ResourceFilteringBuildParticipant - Changed resources require a complete clean of filtered resources of eGovTest
2025-02-13 15:21:26,089 [Worker-195: Building Workspace] INFO  o.e.m.w.i.f.ResourceFilteringBuildParticipant - Executing resource filtering for eGovTest
2025-02-13 15:21:35,346 [Worker-200: Updating Maven Project] INFO  o.e.m.w.i.f.ResourceFilteringBuildParticipant - Cleaning filtered folder for eGovTest
2025-02-13 15:24:27,997 [Worker-204: Building Workspace] INFO  o.e.m.w.i.f.ResourceFilteringBuildParticipant - Changed resources require a complete clean of filtered resources of eGovTest
2025-02-13 15:24:27,997 [Worker-204: Building Workspace] INFO  o.e.m.w.i.f.ResourceFilteringBuildParticipant - Executing resource filtering for eGovTest
2025-02-13 15:24:34,621 [Worker-203: Cleaning all projects] INFO  o.e.m.w.i.f.ResourceFilteringBuildParticipant - Cleaning filtered folder for eGovTest
2025-02-13 15:24:34,741 [Worker-193: Building Workspace] INFO  o.e.m.w.i.f.ResourceFilteringBuildParticipant - Changed resources require a complete clean of filtered resources of eGovTest
2025-02-13 15:24:34,741 [Worker-193: Building Workspace] INFO  o.e.m.w.i.f.ResourceFilteringBuildParticipant - Executing resource filtering for eGovTest
2025-02-13 15:25:23,743 [Worker-206: Building Workspace] INFO  o.e.m.w.i.f.ResourceFilteringBuildParticipant - Changed resources require a complete clean of filtered resources of eGovTest
2025-02-13 15:25:23,743 [Worker-206: Building Workspace] INFO  o.e.m.w.i.f.ResourceFilteringBuildParticipant - Executing resource filtering for eGovTest
2025-02-13 15:29:38,822 [Worker-206: Building Workspace] INFO  o.e.m.w.i.f.ResourceFilteringBuildParticipant - Changed resources require a complete clean of filtered resources of eGovTest
2025-02-13 15:29:38,822 [Worker-206: Building Workspace] INFO  o.e.m.w.i.f.ResourceFilteringBuildParticipant - Executing resource filtering for eGovTest
2025-02-13 15:29:55,298 [Worker-211: Cleaning all projects] INFO  o.e.m.w.i.f.ResourceFilteringBuildParticipant - Cleaning filtered folder for eGovTest
2025-02-13 15:29:55,431 [Worker-204: Building Workspace] INFO  o.e.m.w.i.f.ResourceFilteringBuildParticipant - Changed resources require a complete clean of filtered resources of eGovTest
2025-02-13 15:29:55,432 [Worker-204: Building Workspace] INFO  o.e.m.w.i.f.ResourceFilteringBuildParticipant - Executing resource filtering for eGovTest
2025-02-13 16:17:09,122 [Worker-214: Building Workspace] INFO  o.e.m.w.i.f.ResourceFilteringBuildParticipant - Changed resources require a complete clean of filtered resources of eGovTest
2025-02-13 16:17:09,122 [Worker-214: Building Workspace] INFO  o.e.m.w.i.f.ResourceFilteringBuildParticipant - Executing resource filtering for eGovTest
2025-02-13 16:17:16,319 [Worker-214: Updating Maven Project] INFO  o.e.m.w.i.f.ResourceFilteringBuildParticipant - Cleaning filtered folder for eGovTest
2025-02-13 16:24:26,038 [Worker-228: Building Workspace] INFO  o.e.m.w.i.f.ResourceFilteringBuildParticipant - Changed resources require a complete clean of filtered resources of eGovTest
2025-02-13 16:24:26,038 [Worker-228: Building Workspace] INFO  o.e.m.w.i.f.ResourceFilteringBuildParticipant - Executing resource filtering for eGovTest
2025-02-13 16:24:30,165 [Worker-230: Cleaning all projects] INFO  o.e.m.w.i.f.ResourceFilteringBuildParticipant - Cleaning filtered folder for eGovTest
2025-02-13 16:24:30,285 [Worker-231: Building Workspace] INFO  o.e.m.w.i.f.ResourceFilteringBuildParticipant - Changed resources require a complete clean of filtered resources of eGovTest
2025-02-13 16:24:30,285 [Worker-231: Building Workspace] INFO  o.e.m.w.i.f.ResourceFilteringBuildParticipant - Executing resource filtering for eGovTest
2025-02-13 16:25:48,635 [Worker-222: Building Workspace] INFO  o.e.m.w.i.f.ResourceFilteringBuildParticipant - Changed resources require a complete clean of filtered resources of eGovTest
2025-02-13 16:25:48,636 [Worker-222: Building Workspace] INFO  o.e.m.w.i.f.ResourceFilteringBuildParticipant - Executing resource filtering for eGovTest
2025-02-13 16:39:14,979 [Worker-248: Building Workspace] INFO  o.e.m.w.i.f.ResourceFilteringBuildParticipant - Changed resources require a complete clean of filtered resources of eGovTest
2025-02-13 16:39:14,979 [Worker-248: Building Workspace] INFO  o.e.m.w.i.f.ResourceFilteringBuildParticipant - Executing resource filtering for eGovTest
2025-02-13 16:42:33,387 [Worker-251: Cleaning all projects] INFO  o.e.m.w.i.f.ResourceFilteringBuildParticipant - Cleaning filtered folder for eGovTest
2025-02-13 16:42:33,497 [Worker-245: Building Workspace] INFO  o.e.m.w.i.f.ResourceFilteringBuildParticipant - Changed resources require a complete clean of filtered resources of eGovTest
2025-02-13 16:42:33,497 [Worker-245: Building Workspace] INFO  o.e.m.w.i.f.ResourceFilteringBuildParticipant - Executing resource filtering for eGovTest
2025-02-13 16:44:32,904 [Worker-244: Building Workspace] INFO  o.e.m.w.i.f.ResourceFilteringBuildParticipant - Changed resources require a complete clean of filtered resources of eGovTest
2025-02-13 16:44:32,905 [Worker-244: Building Workspace] INFO  o.e.m.w.i.f.ResourceFilteringBuildParticipant - Executing resource filtering for eGovTest
2025-02-13 16:46:01,675 [Worker-253: Building Workspace] INFO  o.e.m.w.i.f.ResourceFilteringBuildParticipant - Changed resources require a complete clean of filtered resources of eGovTest
2025-02-13 16:46:01,675 [Worker-253: Building Workspace] INFO  o.e.m.w.i.f.ResourceFilteringBuildParticipant - Executing resource filtering for eGovTest
2025-02-13 16:46:09,902 [Worker-251: Updating Maven Project] INFO  o.e.m.w.i.f.ResourceFilteringBuildParticipant - Cleaning filtered folder for eGovTest
2025-02-13 16:47:24,693 [Worker-253: Building Workspace] INFO  o.e.m.w.i.f.ResourceFilteringBuildParticipant - Changed resources require a complete clean of filtered resources of eGovTest
2025-02-13 16:47:24,693 [Worker-253: Building Workspace] INFO  o.e.m.w.i.f.ResourceFilteringBuildParticipant - Executing resource filtering for eGovTest
2025-02-13 16:47:55,934 [Worker-34: Updating Maven Project] INFO  o.e.m.w.i.f.ResourceFilteringBuildParticipant - Cleaning filtered folder for eGovTest
2025-02-13 16:47:59,818 [Worker-8: Building Workspace] INFO  o.e.m.w.i.f.ResourceFilteringBuildParticipant - Changed resources require a complete clean of filtered resources of eGovTest
2025-02-13 16:47:59,819 [Worker-8: Building Workspace] INFO  o.e.m.w.i.f.ResourceFilteringBuildParticipant - Executing resource filtering for eGovTest
2025-02-13 17:02:20,420 [Worker-54: Building Workspace] INFO  o.e.m.w.i.f.ResourceFilteringBuildParticipant - Changed resources require a complete clean of filtered resources of eGovTest
2025-02-13 17:02:20,420 [Worker-54: Building Workspace] INFO  o.e.m.w.i.f.ResourceFilteringBuildParticipant - Executing resource filtering for eGovTest
2025-02-13 17:24:59,512 [Worker-67: Cleaning all projects] INFO  o.e.m.w.i.f.ResourceFilteringBuildParticipant - Cleaning filtered folder for eGovTest
2025-02-13 17:24:59,639 [Worker-61: Building Workspace] INFO  o.e.m.w.i.f.ResourceFilteringBuildParticipant - Changed resources require a complete clean of filtered resources of eGovTest
2025-02-13 17:24:59,639 [Worker-61: Building Workspace] INFO  o.e.m.w.i.f.ResourceFilteringBuildParticipant - Executing resource filtering for eGovTest
2025-02-14 08:24:45,088 [Worker-62: Cleaning all projects] INFO  o.e.m.w.i.f.ResourceFilteringBuildParticipant - Cleaning filtered folder for eGovTest
2025-02-14 08:24:46,200 [Worker-13: Building Workspace] INFO  o.e.m.w.i.f.ResourceFilteringBuildParticipant - Changed resources require a complete clean of filtered resources of eGovTest
2025-02-14 08:24:46,201 [Worker-13: Building Workspace] INFO  o.e.m.w.i.f.ResourceFilteringBuildParticipant - Executing resource filtering for eGovTest
2025-02-14 08:32:47,751 [Worker-59: Building Workspace] INFO  o.e.m.w.i.f.ResourceFilteringBuildParticipant - Changed resources require a complete clean of filtered resources of eGovTest
2025-02-14 08:32:47,815 [Worker-59: Building Workspace] INFO  o.e.m.w.i.f.ResourceFilteringBuildParticipant - Executing resource filtering for eGovTest
2025-02-14 08:34:40,617 [Worker-70: Updating Maven Project] INFO  o.e.m.w.i.f.ResourceFilteringBuildParticipant - Cleaning filtered folder for eGovTest
2025-02-14 08:35:18,452 [Worker-68: Building Workspace] INFO  o.e.m.w.i.f.ResourceFilteringBuildParticipant - Changed resources require a complete clean of filtered resources of eGovTest
2025-02-14 08:35:18,452 [Worker-68: Building Workspace] INFO  o.e.m.w.i.f.ResourceFilteringBuildParticipant - Executing resource filtering for eGovTest
2025-02-14 08:47:37,191 [Worker-67: Cleaning all projects] INFO  o.e.m.w.i.f.ResourceFilteringBuildParticipant - Cleaning filtered folder for eGovTest
2025-02-14 08:47:37,334 [Worker-79: Building Workspace] INFO  o.e.m.w.i.f.ResourceFilteringBuildParticipant - Changed resources require a complete clean of filtered resources of eGovTest
2025-02-14 08:47:37,334 [Worker-79: Building Workspace] INFO  o.e.m.w.i.f.ResourceFilteringBuildParticipant - Executing resource filtering for eGovTest
2025-02-14 09:05:17,770 [Worker-85: Building Workspace] INFO  o.e.m.w.i.f.ResourceFilteringBuildParticipant - Changed resources require a complete clean of filtered resources of eGovTest
2025-02-14 09:05:17,770 [Worker-85: Building Workspace] INFO  o.e.m.w.i.f.ResourceFilteringBuildParticipant - Executing resource filtering for eGovTest
2025-02-14 09:06:40,567 [Worker-68: Cleaning all projects] INFO  o.e.m.w.i.f.ResourceFilteringBuildParticipant - Cleaning filtered folder for eGovTest
2025-02-14 09:06:40,756 [Worker-94: Building Workspace] INFO  o.e.m.w.i.f.ResourceFilteringBuildParticipant - Changed resources require a complete clean of filtered resources of eGovTest
2025-02-14 09:06:40,756 [Worker-94: Building Workspace] INFO  o.e.m.w.i.f.ResourceFilteringBuildParticipant - Executing resource filtering for eGovTest
2025-02-14 09:07:34,976 [Worker-85: Building Workspace] INFO  o.e.m.w.i.f.ResourceFilteringBuildParticipant - Changed resources require a complete clean of filtered resources of eGovTest
2025-02-14 09:07:34,976 [Worker-85: Building Workspace] INFO  o.e.m.w.i.f.ResourceFilteringBuildParticipant - Executing resource filtering for eGovTest
2025-02-14 09:11:14,073 [Worker-99: Cleaning all projects] INFO  o.e.m.w.i.f.ResourceFilteringBuildParticipant - Cleaning filtered folder for eGovTest
2025-02-14 09:11:14,199 [Worker-84: Building Workspace] INFO  o.e.m.w.i.f.ResourceFilteringBuildParticipant - Changed resources require a complete clean of filtered resources of eGovTest
2025-02-14 09:11:14,199 [Worker-84: Building Workspace] INFO  o.e.m.w.i.f.ResourceFilteringBuildParticipant - Executing resource filtering for eGovTest
2025-02-14 09:21:32,255 [Worker-103: Cleaning all projects] INFO  o.e.m.w.i.f.ResourceFilteringBuildParticipant - Cleaning filtered folder for eGovTest
2025-02-14 09:21:32,357 [Worker-104: Building Workspace] INFO  o.e.m.w.i.f.ResourceFilteringBuildParticipant - Changed resources require a complete clean of filtered resources of eGovTest
2025-02-14 09:21:32,357 [Worker-104: Building Workspace] INFO  o.e.m.w.i.f.ResourceFilteringBuildParticipant - Executing resource filtering for eGovTest
2025-02-14 09:35:23,927 [Worker-31: Cleaning all projects] INFO  o.e.m.w.i.f.ResourceFilteringBuildParticipant - Cleaning filtered folder for eGovTest
2025-02-14 09:35:24,076 [Worker-49: Building Workspace] INFO  o.e.m.w.i.f.ResourceFilteringBuildParticipant - Changed resources require a complete clean of filtered resources of eGovTest
2025-02-14 09:35:24,077 [Worker-49: Building Workspace] INFO  o.e.m.w.i.f.ResourceFilteringBuildParticipant - Executing resource filtering for eGovTest
2025-02-14 09:46:46,322 [Worker-59: Cleaning all projects] INFO  o.e.m.w.i.f.ResourceFilteringBuildParticipant - Cleaning filtered folder for eGovTest
2025-02-14 09:46:46,484 [Worker-48: Building Workspace] INFO  o.e.m.w.i.f.ResourceFilteringBuildParticipant - Changed resources require a complete clean of filtered resources of eGovTest
2025-02-14 09:46:46,484 [Worker-48: Building Workspace] INFO  o.e.m.w.i.f.ResourceFilteringBuildParticipant - Executing resource filtering for eGovTest
2025-02-14 09:46:54,658 [Worker-46: Updating Maven Project] INFO  o.e.m.w.i.f.ResourceFilteringBuildParticipant - Cleaning filtered folder for eGovTest
2025-02-14 09:48:23,734 [Worker-61: Building Workspace] INFO  o.e.m.w.i.f.ResourceFilteringBuildParticipant - Changed resources require a complete clean of filtered resources of eGovTest
2025-02-14 09:48:23,734 [Worker-61: Building Workspace] INFO  o.e.m.w.i.f.ResourceFilteringBuildParticipant - Executing resource filtering for eGovTest
2025-02-14 09:48:30,414 [Worker-59: Cleaning all projects] INFO  o.e.m.w.i.f.ResourceFilteringBuildParticipant - Cleaning filtered folder for eGovTest
2025-02-14 09:48:30,541 [Worker-48: Building Workspace] INFO  o.e.m.w.i.f.ResourceFilteringBuildParticipant - Changed resources require a complete clean of filtered resources of eGovTest
2025-02-14 09:48:30,541 [Worker-48: Building Workspace] INFO  o.e.m.w.i.f.ResourceFilteringBuildParticipant - Executing resource filtering for eGovTest
2025-02-14 09:51:45,505 [Worker-46: Building Workspace] INFO  o.e.m.w.i.f.ResourceFilteringBuildParticipant - Changed resources require a complete clean of filtered resources of eGovTest
2025-02-14 09:51:45,505 [Worker-46: Building Workspace] INFO  o.e.m.w.i.f.ResourceFilteringBuildParticipant - Executing resource filtering for eGovTest
2025-02-14 09:52:02,447 [Worker-64: Cleaning all projects] INFO  o.e.m.w.i.f.ResourceFilteringBuildParticipant - Cleaning filtered folder for eGovTest
2025-02-14 09:52:02,575 [Worker-58: Building Workspace] INFO  o.e.m.w.i.f.ResourceFilteringBuildParticipant - Changed resources require a complete clean of filtered resources of eGovTest
2025-02-14 09:52:02,575 [Worker-58: Building Workspace] INFO  o.e.m.w.i.f.ResourceFilteringBuildParticipant - Executing resource filtering for eGovTest
2025-02-14 09:52:11,655 [Worker-46: Updating Maven Project] INFO  o.e.m.w.i.f.ResourceFilteringBuildParticipant - Cleaning filtered folder for eGovTest
2025-02-14 09:55:09,455 [Worker-67: Building Workspace] INFO  o.e.m.w.i.f.ResourceFilteringBuildParticipant - Changed resources require a complete clean of filtered resources of eGovTest
2025-02-14 09:55:09,455 [Worker-67: Building Workspace] INFO  o.e.m.w.i.f.ResourceFilteringBuildParticipant - Executing resource filtering for eGovTest
2025-02-14 09:55:14,260 [Worker-63: Cleaning all projects] INFO  o.e.m.w.i.f.ResourceFilteringBuildParticipant - Cleaning filtered folder for eGovTest
2025-02-14 09:55:14,376 [Worker-68: Building Workspace] INFO  o.e.m.w.i.f.ResourceFilteringBuildParticipant - Changed resources require a complete clean of filtered resources of eGovTest
2025-02-14 09:55:14,376 [Worker-68: Building Workspace] INFO  o.e.m.w.i.f.ResourceFilteringBuildParticipant - Executing resource filtering for eGovTest
2025-02-14 09:55:56,396 [Worker-69: Updating Maven Project] INFO  o.e.m.w.i.f.ResourceFilteringBuildParticipant - Cleaning filtered folder for eGovTest
2025-02-14 09:56:21,475 [Worker-69: Building Workspace] INFO  o.e.m.w.i.f.ResourceFilteringBuildParticipant - Changed resources require a complete clean of filtered resources of eGovTest
2025-02-14 09:56:21,475 [Worker-69: Building Workspace] INFO  o.e.m.w.i.f.ResourceFilteringBuildParticipant - Executing resource filtering for eGovTest
2025-02-14 10:13:35,059 [Worker-89: Cleaning all projects] INFO  o.e.m.w.i.f.ResourceFilteringBuildParticipant - Cleaning filtered folder for eGovTest
2025-02-14 10:13:35,193 [Worker-83: Building Workspace] INFO  o.e.m.w.i.f.ResourceFilteringBuildParticipant - Changed resources require a complete clean of filtered resources of eGovTest
2025-02-14 10:13:35,193 [Worker-83: Building Workspace] INFO  o.e.m.w.i.f.ResourceFilteringBuildParticipant - Executing resource filtering for eGovTest
2025-02-14 10:26:30,132 [Worker-108: Updating Maven Project] INFO  o.e.m.w.i.f.ResourceFilteringBuildParticipant - Cleaning filtered folder for eGovTest
2025-02-14 10:26:33,231 [Worker-108: Building Workspace] INFO  o.e.m.w.i.f.ResourceFilteringBuildParticipant - Changed resources require a complete clean of filtered resources of eGovTest
2025-02-14 10:26:33,232 [Worker-108: Building Workspace] INFO  o.e.m.w.i.f.ResourceFilteringBuildParticipant - Executing resource filtering for eGovTest
2025-02-14 10:41:10,733 [Worker-123: Cleaning all projects] INFO  o.e.m.w.i.f.ResourceFilteringBuildParticipant - Cleaning filtered folder for eGovTest
2025-02-14 10:41:10,862 [Worker-117: Building Workspace] INFO  o.e.m.w.i.f.ResourceFilteringBuildParticipant - Changed resources require a complete clean of filtered resources of eGovTest
2025-02-14 10:41:10,862 [Worker-117: Building Workspace] INFO  o.e.m.w.i.f.ResourceFilteringBuildParticipant - Executing resource filtering for eGovTest
2025-02-14 10:48:53,038 [Worker-122: Cleaning all projects] INFO  o.e.m.w.i.f.ResourceFilteringBuildParticipant - Cleaning filtered folder for eGovTest
2025-02-14 10:48:53,162 [Worker-135: Building Workspace] INFO  o.e.m.w.i.f.ResourceFilteringBuildParticipant - Changed resources require a complete clean of filtered resources of eGovTest
2025-02-14 10:48:53,162 [Worker-135: Building Workspace] INFO  o.e.m.w.i.f.ResourceFilteringBuildParticipant - Executing resource filtering for eGovTest
2025-02-14 10:57:05,612 [Worker-136: Cleaning all projects] INFO  o.e.m.w.i.f.ResourceFilteringBuildParticipant - Cleaning filtered folder for eGovTest
2025-02-14 10:57:05,727 [Worker-132: Building Workspace] INFO  o.e.m.w.i.f.ResourceFilteringBuildParticipant - Changed resources require a complete clean of filtered resources of eGovTest
2025-02-14 10:57:05,728 [Worker-132: Building Workspace] INFO  o.e.m.w.i.f.ResourceFilteringBuildParticipant - Executing resource filtering for eGovTest
2025-02-14 11:15:50,669 [Worker-167: Cleaning all projects] INFO  o.e.m.w.i.f.ResourceFilteringBuildParticipant - Cleaning filtered folder for eGovTest
2025-02-14 11:15:50,777 [Worker-165: Building Workspace] INFO  o.e.m.w.i.f.ResourceFilteringBuildParticipant - Changed resources require a complete clean of filtered resources of eGovTest
2025-02-14 11:15:50,778 [Worker-165: Building Workspace] INFO  o.e.m.w.i.f.ResourceFilteringBuildParticipant - Executing resource filtering for eGovTest
2025-02-14 11:17:11,093 [Worker-166: Cleaning all projects] INFO  o.e.m.w.i.f.ResourceFilteringBuildParticipant - Cleaning filtered folder for eGovTest
2025-02-14 11:17:11,229 [Worker-161: Building Workspace] INFO  o.e.m.w.i.f.ResourceFilteringBuildParticipant - Changed resources require a complete clean of filtered resources of eGovTest
2025-02-14 11:17:11,229 [Worker-161: Building Workspace] INFO  o.e.m.w.i.f.ResourceFilteringBuildParticipant - Executing resource filtering for eGovTest
2025-02-14 11:17:26,453 [Worker-166: Updating Maven Project] INFO  o.e.m.w.i.f.ResourceFilteringBuildParticipant - Cleaning filtered folder for eGovTest
2025-02-14 11:20:35,906 [Worker-169: Building Workspace] INFO  o.e.m.w.i.f.ResourceFilteringBuildParticipant - Changed resources require a complete clean of filtered resources of eGovTest
2025-02-14 11:20:35,906 [Worker-169: Building Workspace] INFO  o.e.m.w.i.f.ResourceFilteringBuildParticipant - Executing resource filtering for eGovTest
2025-02-14 11:20:50,412 [Worker-158: Cleaning all projects] INFO  o.e.m.w.i.f.ResourceFilteringBuildParticipant - Cleaning filtered folder for eGovTest
2025-02-14 11:20:50,518 [Worker-168: Building Workspace] INFO  o.e.m.w.i.f.ResourceFilteringBuildParticipant - Changed resources require a complete clean of filtered resources of eGovTest
2025-02-14 11:20:50,518 [Worker-168: Building Workspace] INFO  o.e.m.w.i.f.ResourceFilteringBuildParticipant - Executing resource filtering for eGovTest
2025-02-14 11:22:55,499 [Worker-151: Building Workspace] INFO  o.e.m.w.i.f.ResourceFilteringBuildParticipant - Changed resources require a complete clean of filtered resources of eGovTest
2025-02-14 11:22:55,499 [Worker-151: Building Workspace] INFO  o.e.m.w.i.f.ResourceFilteringBuildParticipant - Executing resource filtering for eGovTest
2025-02-14 11:30:57,330 [Worker-178: Cleaning all projects] INFO  o.e.m.w.i.f.ResourceFilteringBuildParticipant - Cleaning filtered folder for eGovTest
2025-02-14 11:30:57,454 [Worker-181: Building Workspace] INFO  o.e.m.w.i.f.ResourceFilteringBuildParticipant - Changed resources require a complete clean of filtered resources of eGovTest
2025-02-14 11:30:57,454 [Worker-181: Building Workspace] INFO  o.e.m.w.i.f.ResourceFilteringBuildParticipant - Executing resource filtering for eGovTest
2025-02-14 12:27:46,077 [Worker-192: Building Workspace] INFO  o.e.m.w.i.f.ResourceFilteringBuildParticipant - Changed resources require a complete clean of filtered resources of eGovTest
2025-02-14 12:27:46,077 [Worker-192: Building Workspace] INFO  o.e.m.w.i.f.ResourceFilteringBuildParticipant - Executing resource filtering for eGovTest
2025-02-14 12:32:29,859 [Worker-193: Cleaning all projects] INFO  o.e.m.w.i.f.ResourceFilteringBuildParticipant - Cleaning filtered folder for eGovTest
2025-02-14 12:32:29,994 [Worker-203: Building Workspace] INFO  o.e.m.w.i.f.ResourceFilteringBuildParticipant - Changed resources require a complete clean of filtered resources of eGovTest
2025-02-14 12:32:29,994 [Worker-203: Building Workspace] INFO  o.e.m.w.i.f.ResourceFilteringBuildParticipant - Executing resource filtering for eGovTest
2025-02-14 12:34:01,023 [Worker-203: Cleaning all projects] INFO  o.e.m.w.i.f.ResourceFilteringBuildParticipant - Cleaning filtered folder for eGovTest
2025-02-14 12:34:01,142 [Worker-206: Building Workspace] INFO  o.e.m.w.i.f.ResourceFilteringBuildParticipant - Changed resources require a complete clean of filtered resources of eGovTest
2025-02-14 12:34:01,142 [Worker-206: Building Workspace] INFO  o.e.m.w.i.f.ResourceFilteringBuildParticipant - Executing resource filtering for eGovTest
2025-02-14 12:36:12,777 [Worker-204: Building Workspace] INFO  o.e.m.w.i.f.ResourceFilteringBuildParticipant - Changed resources require a complete clean of filtered resources of eGovTest
2025-02-14 12:36:12,777 [Worker-204: Building Workspace] INFO  o.e.m.w.i.f.ResourceFilteringBuildParticipant - Executing resource filtering for eGovTest
2025-02-14 12:38:18,764 [Worker-208: Cleaning all projects] INFO  o.e.m.w.i.f.ResourceFilteringBuildParticipant - Cleaning filtered folder for eGovTest
2025-02-14 12:38:18,869 [Worker-197: Building Workspace] INFO  o.e.m.w.i.f.ResourceFilteringBuildParticipant - Changed resources require a complete clean of filtered resources of eGovTest
2025-02-14 12:38:18,869 [Worker-197: Building Workspace] INFO  o.e.m.w.i.f.ResourceFilteringBuildParticipant - Executing resource filtering for eGovTest
2025-02-14 12:45:45,177 [Worker-208: Cleaning all projects] INFO  o.e.m.w.i.f.ResourceFilteringBuildParticipant - Cleaning filtered folder for eGovTest
2025-02-14 12:45:45,294 [Worker-223: Building Workspace] INFO  o.e.m.w.i.f.ResourceFilteringBuildParticipant - Changed resources require a complete clean of filtered resources of eGovTest
2025-02-14 12:45:45,294 [Worker-223: Building Workspace] INFO  o.e.m.w.i.f.ResourceFilteringBuildParticipant - Executing resource filtering for eGovTest
2025-02-14 12:51:40,892 [Worker-226: Cleaning all projects] INFO  o.e.m.w.i.f.ResourceFilteringBuildParticipant - Cleaning filtered folder for eGovTest
2025-02-14 12:51:41,035 [Worker-221: Building Workspace] INFO  o.e.m.w.i.f.ResourceFilteringBuildParticipant - Changed resources require a complete clean of filtered resources of eGovTest
2025-02-14 12:51:41,036 [Worker-221: Building Workspace] INFO  o.e.m.w.i.f.ResourceFilteringBuildParticipant - Executing resource filtering for eGovTest
2025-02-14 12:53:39,472 [Worker-225: Building Workspace] INFO  o.e.m.w.i.f.ResourceFilteringBuildParticipant - Changed resources require a complete clean of filtered resources of eGovTest
2025-02-14 12:53:39,473 [Worker-225: Building Workspace] INFO  o.e.m.w.i.f.ResourceFilteringBuildParticipant - Executing resource filtering for eGovTest
2025-02-14 12:53:54,619 [Worker-232: Cleaning all projects] INFO  o.e.m.w.i.f.ResourceFilteringBuildParticipant - Cleaning filtered folder for eGovTest
2025-02-14 12:53:54,743 [Worker-221: Building Workspace] INFO  o.e.m.w.i.f.ResourceFilteringBuildParticipant - Changed resources require a complete clean of filtered resources of eGovTest
2025-02-14 12:53:54,743 [Worker-221: Building Workspace] INFO  o.e.m.w.i.f.ResourceFilteringBuildParticipant - Executing resource filtering for eGovTest
2025-02-14 12:56:41,970 [Worker-225: Cleaning all projects] INFO  o.e.m.w.i.f.ResourceFilteringBuildParticipant - Cleaning filtered folder for eGovTest
2025-02-14 12:56:42,109 [Worker-236: Building Workspace] INFO  o.e.m.w.i.f.ResourceFilteringBuildParticipant - Changed resources require a complete clean of filtered resources of eGovTest
2025-02-14 12:56:42,110 [Worker-236: Building Workspace] INFO  o.e.m.w.i.f.ResourceFilteringBuildParticipant - Executing resource filtering for eGovTest
2025-02-14 14:02:37,816 [Worker-276: Cleaning all projects] INFO  o.e.m.w.i.f.ResourceFilteringBuildParticipant - Cleaning filtered folder for eGovTest
2025-02-14 14:02:37,946 [Worker-274: Building Workspace] INFO  o.e.m.w.i.f.ResourceFilteringBuildParticipant - Changed resources require a complete clean of filtered resources of eGovTest
2025-02-14 14:02:37,946 [Worker-274: Building Workspace] INFO  o.e.m.w.i.f.ResourceFilteringBuildParticipant - Executing resource filtering for eGovTest
2025-02-14 16:23:26,626 [Worker-328: Cleaning all projects] INFO  o.e.m.w.i.f.ResourceFilteringBuildParticipant - Cleaning filtered folder for eGovTest
2025-02-14 16:23:26,738 [Worker-321: Building Workspace] INFO  o.e.m.w.i.f.ResourceFilteringBuildParticipant - Changed resources require a complete clean of filtered resources of eGovTest
2025-02-14 16:23:26,739 [Worker-321: Building Workspace] INFO  o.e.m.w.i.f.ResourceFilteringBuildParticipant - Executing resource filtering for eGovTest
2025-02-14 16:25:06,886 [Worker-330: Cleaning all projects] INFO  o.e.m.w.i.f.ResourceFilteringBuildParticipant - Cleaning filtered folder for eGovTest
2025-02-14 16:25:07,033 [Worker-328: Building Workspace] INFO  o.e.m.w.i.f.ResourceFilteringBuildParticipant - Changed resources require a complete clean of filtered resources of eGovTest
2025-02-14 16:25:07,033 [Worker-328: Building Workspace] INFO  o.e.m.w.i.f.ResourceFilteringBuildParticipant - Executing resource filtering for eGovTest
2025-02-14 16:25:18,451 [Worker-328: Updating Maven Project] INFO  o.e.m.w.i.f.ResourceFilteringBuildParticipant - Cleaning filtered folder for eGovTest
2025-02-14 16:31:12,707 [Worker-339: Building Workspace] INFO  o.e.m.w.i.f.ResourceFilteringBuildParticipant - Changed resources require a complete clean of filtered resources of eGovTest
2025-02-14 16:31:12,707 [Worker-339: Building Workspace] INFO  o.e.m.w.i.f.ResourceFilteringBuildParticipant - Executing resource filtering for eGovTest
2025-02-14 16:35:03,393 [Worker-339: Cleaning all projects] INFO  o.e.m.w.i.f.ResourceFilteringBuildParticipant - Cleaning filtered folder for eGovTest
2025-02-14 16:35:03,519 [Worker-336: Building Workspace] INFO  o.e.m.w.i.f.ResourceFilteringBuildParticipant - Changed resources require a complete clean of filtered resources of eGovTest
2025-02-14 16:35:03,519 [Worker-336: Building Workspace] INFO  o.e.m.w.i.f.ResourceFilteringBuildParticipant - Executing resource filtering for eGovTest
2025-02-14 16:44:53,976 [Worker-344: Updating Maven Project] INFO  o.e.m.w.i.f.ResourceFilteringBuildParticipant - Cleaning filtered folder for eGovTest
2025-02-14 16:44:56,062 [Worker-339: Building Workspace] INFO  o.e.m.w.i.f.ResourceFilteringBuildParticipant - Changed resources require a complete clean of filtered resources of eGovTest
2025-02-14 16:44:56,062 [Worker-339: Building Workspace] INFO  o.e.m.w.i.f.ResourceFilteringBuildParticipant - Executing resource filtering for eGovTest
2025-02-14 16:48:58,662 [Worker-346: Building Workspace] INFO  o.e.m.w.i.f.ResourceFilteringBuildParticipant - Changed resources require a complete clean of filtered resources of eGovTest
2025-02-14 16:48:58,662 [Worker-346: Building Workspace] INFO  o.e.m.w.i.f.ResourceFilteringBuildParticipant - Executing resource filtering for eGovTest
2025-02-14 16:53:57,950 [Worker-329: Cleaning all projects] INFO  o.e.m.w.i.f.ResourceFilteringBuildParticipant - Cleaning filtered folder for eGovTest
2025-02-14 16:53:58,102 [Worker-356: Building Workspace] INFO  o.e.m.w.i.f.ResourceFilteringBuildParticipant - Changed resources require a complete clean of filtered resources of eGovTest
2025-02-14 16:53:58,102 [Worker-356: Building Workspace] INFO  o.e.m.w.i.f.ResourceFilteringBuildParticipant - Executing resource filtering for eGovTest
2025-02-14 16:59:45,707 [Worker-359: Cleaning all projects] INFO  o.e.m.w.i.f.ResourceFilteringBuildParticipant - Cleaning filtered folder for eGovTest
2025-02-14 16:59:45,806 [Worker-362: Building Workspace] INFO  o.e.m.w.i.f.ResourceFilteringBuildParticipant - Changed resources require a complete clean of filtered resources of eGovTest
2025-02-14 16:59:45,806 [Worker-362: Building Workspace] INFO  o.e.m.w.i.f.ResourceFilteringBuildParticipant - Executing resource filtering for eGovTest
2025-02-14 17:01:04,845 [Worker-358: Cleaning all projects] INFO  o.e.m.w.i.f.ResourceFilteringBuildParticipant - Cleaning filtered folder for eGovTest
2025-02-14 17:01:04,996 [Worker-361: Building Workspace] INFO  o.e.m.w.i.f.ResourceFilteringBuildParticipant - Changed resources require a complete clean of filtered resources of eGovTest
2025-02-14 17:01:04,997 [Worker-361: Building Workspace] INFO  o.e.m.w.i.f.ResourceFilteringBuildParticipant - Executing resource filtering for eGovTest
2025-02-14 17:01:45,669 [Worker-358: Cleaning all projects] INFO  o.e.m.w.i.f.ResourceFilteringBuildParticipant - Cleaning filtered folder for eGovTest
2025-02-14 17:01:45,769 [Worker-360: Building Workspace] INFO  o.e.m.w.i.f.ResourceFilteringBuildParticipant - Changed resources require a complete clean of filtered resources of eGovTest
2025-02-14 17:01:45,769 [Worker-360: Building Workspace] INFO  o.e.m.w.i.f.ResourceFilteringBuildParticipant - Executing resource filtering for eGovTest
2025-02-14 17:03:36,715 [Worker-358: Cleaning all projects] INFO  o.e.m.w.i.f.ResourceFilteringBuildParticipant - Cleaning filtered folder for eGovTest
2025-02-14 17:03:36,823 [Worker-359: Building Workspace] INFO  o.e.m.w.i.f.ResourceFilteringBuildParticipant - Changed resources require a complete clean of filtered resources of eGovTest
2025-02-14 17:03:36,823 [Worker-359: Building Workspace] INFO  o.e.m.w.i.f.ResourceFilteringBuildParticipant - Executing resource filtering for eGovTest
2025-02-17 15:13:06,576 [Worker-176: Cleaning all projects] INFO  o.e.m.w.i.f.ResourceFilteringBuildParticipant - Cleaning filtered folder for eGovTest
2025-02-17 15:13:06,981 [Worker-177: Building Workspace] INFO  o.e.m.w.i.f.ResourceFilteringBuildParticipant - Changed resources require a complete clean of filtered resources of eGovTest
2025-02-17 15:13:06,983 [Worker-177: Building Workspace] INFO  o.e.m.w.i.f.ResourceFilteringBuildParticipant - Executing resource filtering for eGovTest
2025-02-17 15:24:54,539 [Worker-190: Cleaning all projects] INFO  o.e.m.w.i.f.ResourceFilteringBuildParticipant - Cleaning filtered folder for eGovTest
2025-02-17 15:24:54,682 [Worker-187: Building Workspace] INFO  o.e.m.w.i.f.ResourceFilteringBuildParticipant - Changed resources require a complete clean of filtered resources of eGovTest
2025-02-17 15:24:54,682 [Worker-187: Building Workspace] INFO  o.e.m.w.i.f.ResourceFilteringBuildParticipant - Executing resource filtering for eGovTest
2025-02-17 15:30:19,422 [Worker-175: Updating Maven Project] INFO  o.e.m.w.i.f.ResourceFilteringBuildParticipant - Cleaning filtered folder for eGovTest
2025-02-17 15:53:20,900 [Worker-193: Building Workspace] INFO  o.e.m.w.i.f.ResourceFilteringBuildParticipant - Changed resources require a complete clean of filtered resources of eGovTest
2025-02-17 15:53:20,900 [Worker-193: Building Workspace] INFO  o.e.m.w.i.f.ResourceFilteringBuildParticipant - Executing resource filtering for eGovTest
2025-02-17 16:09:31,437 [Worker-193: Cleaning all projects] INFO  o.e.m.w.i.f.ResourceFilteringBuildParticipant - Cleaning filtered folder for eGovTest
2025-02-17 16:09:31,575 [Worker-217: Building Workspace] INFO  o.e.m.w.i.f.ResourceFilteringBuildParticipant - Changed resources require a complete clean of filtered resources of eGovTest
2025-02-17 16:09:31,575 [Worker-217: Building Workspace] INFO  o.e.m.w.i.f.ResourceFilteringBuildParticipant - Executing resource filtering for eGovTest
2025-02-17 16:45:54,695 [Worker-241: Cleaning all projects] INFO  o.e.m.w.i.f.ResourceFilteringBuildParticipant - Cleaning filtered folder for eGovTest
2025-02-17 16:45:54,820 [Worker-242: Building Workspace] INFO  o.e.m.w.i.f.ResourceFilteringBuildParticipant - Changed resources require a complete clean of filtered resources of eGovTest
2025-02-17 16:45:54,821 [Worker-242: Building Workspace] INFO  o.e.m.w.i.f.ResourceFilteringBuildParticipant - Executing resource filtering for eGovTest
2025-02-27 10:53:45,490 [Worker-85: Cleaning all projects] INFO  o.e.m.w.i.f.ResourceFilteringBuildParticipant - Cleaning filtered folder for eGovTest
2025-02-27 10:53:45,784 [Worker-83: Building Workspace] INFO  o.e.m.w.i.f.ResourceFilteringBuildParticipant - Changed resources require a complete clean of filtered resources of eGovTest
2025-02-27 10:53:45,785 [Worker-83: Building Workspace] INFO  o.e.m.w.i.f.ResourceFilteringBuildParticipant - Executing resource filtering for eGovTest
2025-02-27 10:57:51,759 [Worker-84: Updating Maven Project] INFO  o.e.m.w.i.f.ResourceFilteringBuildParticipant - Cleaning filtered folder for eGovTest
2025-02-27 10:57:52,867 [Worker-94: Building Workspace] INFO  o.e.m.w.i.f.ResourceFilteringBuildParticipant - Changed resources require a complete clean of filtered resources of eGovTest
2025-02-27 10:57:52,867 [Worker-94: Building Workspace] INFO  o.e.m.w.i.f.ResourceFilteringBuildParticipant - Executing resource filtering for eGovTest
2025-02-27 11:00:49,409 [Worker-103: Cleaning all projects] INFO  o.e.m.w.i.f.ResourceFilteringBuildParticipant - Cleaning filtered folder for eGovTest
2025-02-27 11:00:49,540 [Worker-88: Building Workspace] INFO  o.e.m.w.i.f.ResourceFilteringBuildParticipant - Changed resources require a complete clean of filtered resources of eGovTest
2025-02-27 11:00:49,540 [Worker-88: Building Workspace] INFO  o.e.m.w.i.f.ResourceFilteringBuildParticipant - Executing resource filtering for eGovTest
2025-02-27 11:01:15,180 [Worker-91: Updating Maven Project] INFO  o.e.m.w.i.f.ResourceFilteringBuildParticipant - Cleaning filtered folder for eGovTest
2025-02-27 11:17:39,445 [Worker-117: Building Workspace] INFO  o.e.m.w.i.f.ResourceFilteringBuildParticipant - Changed resources require a complete clean of filtered resources of eGovTest
2025-02-27 11:17:39,446 [Worker-117: Building Workspace] INFO  o.e.m.w.i.f.ResourceFilteringBuildParticipant - Executing resource filtering for eGovTest
2025-02-27 11:17:52,618 [Worker-84: Cleaning all projects] INFO  o.e.m.w.i.f.ResourceFilteringBuildParticipant - Cleaning filtered folder for eGovTest
2025-02-27 11:17:52,744 [Worker-116: Building Workspace] INFO  o.e.m.w.i.f.ResourceFilteringBuildParticipant - Changed resources require a complete clean of filtered resources of eGovTest
2025-02-27 11:17:52,744 [Worker-116: Building Workspace] INFO  o.e.m.w.i.f.ResourceFilteringBuildParticipant - Executing resource filtering for eGovTest
2025-02-27 11:25:01,074 [Worker-86: Cleaning all projects] INFO  o.e.m.w.i.f.ResourceFilteringBuildParticipant - Cleaning filtered folder for eGovTest
2025-02-27 11:25:01,198 [Worker-117: Building Workspace] INFO  o.e.m.w.i.f.ResourceFilteringBuildParticipant - Changed resources require a complete clean of filtered resources of eGovTest
2025-02-27 11:25:01,198 [Worker-117: Building Workspace] INFO  o.e.m.w.i.f.ResourceFilteringBuildParticipant - Executing resource filtering for eGovTest
2025-02-27 11:25:52,508 [Worker-122: Cleaning all projects] INFO  o.e.m.w.i.f.ResourceFilteringBuildParticipant - Cleaning filtered folder for eGovTest
2025-02-27 11:25:52,625 [Worker-123: Building Workspace] INFO  o.e.m.w.i.f.ResourceFilteringBuildParticipant - Changed resources require a complete clean of filtered resources of eGovTest
2025-02-27 11:25:52,625 [Worker-123: Building Workspace] INFO  o.e.m.w.i.f.ResourceFilteringBuildParticipant - Executing resource filtering for eGovTest
2025-02-27 11:25:59,249 [Worker-86: Updating Maven Project] INFO  o.e.m.w.i.f.ResourceFilteringBuildParticipant - Cleaning filtered folder for eGovTest
2025-02-27 11:26:02,309 [Worker-123: Building Workspace] INFO  o.e.m.w.i.f.ResourceFilteringBuildParticipant - Changed resources require a complete clean of filtered resources of eGovTest
2025-02-27 11:26:02,309 [Worker-123: Building Workspace] INFO  o.e.m.w.i.f.ResourceFilteringBuildParticipant - Executing resource filtering for eGovTest
2025-02-27 11:27:13,151 [Worker-119: Cleaning all projects] INFO  o.e.m.w.i.f.ResourceFilteringBuildParticipant - Cleaning filtered folder for eGovTest
2025-02-27 11:27:13,268 [Worker-125: Building Workspace] INFO  o.e.m.w.i.f.ResourceFilteringBuildParticipant - Changed resources require a complete clean of filtered resources of eGovTest
2025-02-27 11:27:13,269 [Worker-125: Building Workspace] INFO  o.e.m.w.i.f.ResourceFilteringBuildParticipant - Executing resource filtering for eGovTest
2025-02-27 12:29:54,955 [Worker-144: Cleaning all projects] INFO  o.e.m.w.i.f.ResourceFilteringBuildParticipant - Cleaning filtered folder for eGovTest
2025-02-27 12:29:55,070 [Worker-125: Building Workspace] INFO  o.e.m.w.i.f.ResourceFilteringBuildParticipant - Changed resources require a complete clean of filtered resources of eGovTest
2025-02-27 12:29:55,071 [Worker-125: Building Workspace] INFO  o.e.m.w.i.f.ResourceFilteringBuildParticipant - Executing resource filtering for eGovTest
2025-02-27 12:37:36,939 [Worker-131: Cleaning all projects] INFO  o.e.m.w.i.f.ResourceFilteringBuildParticipant - Cleaning filtered folder for eGovTest
2025-02-27 12:37:37,062 [Worker-125: Building Workspace] INFO  o.e.m.w.i.f.ResourceFilteringBuildParticipant - Changed resources require a complete clean of filtered resources of eGovTest
2025-02-27 12:37:37,062 [Worker-125: Building Workspace] INFO  o.e.m.w.i.f.ResourceFilteringBuildParticipant - Executing resource filtering for eGovTest
2025-02-27 12:49:31,462 [Worker-37: Cleaning all projects] INFO  o.e.m.w.i.f.ResourceFilteringBuildParticipant - Cleaning filtered folder for eGovTest
2025-02-27 12:49:31,606 [Worker-41: Building Workspace] INFO  o.e.m.w.i.f.ResourceFilteringBuildParticipant - Changed resources require a complete clean of filtered resources of eGovTest
2025-02-27 12:49:31,607 [Worker-41: Building Workspace] INFO  o.e.m.w.i.f.ResourceFilteringBuildParticipant - Executing resource filtering for eGovTest
2025-02-27 12:50:51,065 [Worker-8: Cleaning all projects] INFO  o.e.m.w.i.f.ResourceFilteringBuildParticipant - Cleaning filtered folder for eGovTest
2025-02-27 12:50:51,201 [Worker-17: Building Workspace] INFO  o.e.m.w.i.f.ResourceFilteringBuildParticipant - Changed resources require a complete clean of filtered resources of eGovTest
2025-02-27 12:50:51,202 [Worker-17: Building Workspace] INFO  o.e.m.w.i.f.ResourceFilteringBuildParticipant - Executing resource filtering for eGovTest
2025-02-27 12:50:56,568 [Worker-41: Updating Maven Project] INFO  o.e.m.w.i.f.ResourceFilteringBuildParticipant - Cleaning filtered folder for eGovTest
2025-02-27 12:51:28,639 [Worker-24: Building Workspace] INFO  o.e.m.w.i.f.ResourceFilteringBuildParticipant - Changed resources require a complete clean of filtered resources of eGovTest
2025-02-27 12:51:28,639 [Worker-24: Building Workspace] INFO  o.e.m.w.i.f.ResourceFilteringBuildParticipant - Executing resource filtering for eGovTest
2025-02-27 12:51:48,128 [Worker-18: Cleaning all projects] INFO  o.e.m.w.i.f.ResourceFilteringBuildParticipant - Cleaning filtered folder for eGovTest
2025-02-27 12:51:48,245 [Worker-20: Building Workspace] INFO  o.e.m.w.i.f.ResourceFilteringBuildParticipant - Changed resources require a complete clean of filtered resources of eGovTest
2025-02-27 12:51:48,245 [Worker-20: Building Workspace] INFO  o.e.m.w.i.f.ResourceFilteringBuildParticipant - Executing resource filtering for eGovTest
2025-02-27 12:53:16,516 [Worker-43: Cleaning all projects] INFO  o.e.m.w.i.f.ResourceFilteringBuildParticipant - Cleaning filtered folder for eGovTest
2025-02-27 12:53:16,677 [Worker-36: Building Workspace] INFO  o.e.m.w.i.f.ResourceFilteringBuildParticipant - Changed resources require a complete clean of filtered resources of eGovTest
2025-02-27 12:53:16,677 [Worker-36: Building Workspace] INFO  o.e.m.w.i.f.ResourceFilteringBuildParticipant - Executing resource filtering for eGovTest
2025-02-27 12:54:57,842 [Worker-20: Updating Maven Project] INFO  o.e.m.w.i.f.ResourceFilteringBuildParticipant - Cleaning filtered folder for eGovTest
2025-02-27 12:55:01,170 [Worker-13: Building Workspace] INFO  o.e.m.w.i.f.ResourceFilteringBuildParticipant - Changed resources require a complete clean of filtered resources of eGovTest
2025-02-27 12:55:01,170 [Worker-13: Building Workspace] INFO  o.e.m.w.i.f.ResourceFilteringBuildParticipant - Executing resource filtering for eGovTest
2025-02-27 13:21:03,670 [Worker-55: Cleaning all projects] INFO  o.e.m.w.i.f.ResourceFilteringBuildParticipant - Cleaning filtered folder for eGovTest
2025-02-27 13:21:03,795 [Worker-48: Building Workspace] INFO  o.e.m.w.i.f.ResourceFilteringBuildParticipant - Changed resources require a complete clean of filtered resources of eGovTest
2025-02-27 13:21:03,795 [Worker-48: Building Workspace] INFO  o.e.m.w.i.f.ResourceFilteringBuildParticipant - Executing resource filtering for eGovTest
2025-02-27 14:56:47,818 [Worker-57: Cleaning all projects] INFO  o.e.m.w.i.f.ResourceFilteringBuildParticipant - Cleaning filtered folder for eGovTest
2025-02-27 14:56:47,996 [Worker-60: Building Workspace] INFO  o.e.m.w.i.f.ResourceFilteringBuildParticipant - Changed resources require a complete clean of filtered resources of eGovTest
2025-02-27 14:56:47,996 [Worker-60: Building Workspace] INFO  o.e.m.w.i.f.ResourceFilteringBuildParticipant - Executing resource filtering for eGovTest
2025-02-27 14:56:58,713 [Worker-61: Updating Maven Project] INFO  o.e.m.w.i.f.ResourceFilteringBuildParticipant - Cleaning filtered folder for eGovTest
2025-02-27 15:05:00,198 [Worker-66: Building Workspace] INFO  o.e.m.w.i.f.ResourceFilteringBuildParticipant - Changed resources require a complete clean of filtered resources of eGovTest
2025-02-27 15:05:00,198 [Worker-66: Building Workspace] INFO  o.e.m.w.i.f.ResourceFilteringBuildParticipant - Executing resource filtering for eGovTest
2025-02-27 16:27:14,069 [Worker-84: Cleaning all projects] INFO  o.e.m.w.i.f.ResourceFilteringBuildParticipant - Cleaning filtered folder for eGovTest
2025-02-27 16:27:14,206 [Worker-88: Building Workspace] INFO  o.e.m.w.i.f.ResourceFilteringBuildParticipant - Changed resources require a complete clean of filtered resources of eGovTest
2025-02-27 16:27:14,207 [Worker-88: Building Workspace] INFO  o.e.m.w.i.f.ResourceFilteringBuildParticipant - Executing resource filtering for eGovTest
2025-02-27 16:28:40,052 [Worker-92: Cleaning all projects] INFO  o.e.m.w.i.f.ResourceFilteringBuildParticipant - Cleaning filtered folder for eGovTest
2025-02-27 16:28:40,172 [Worker-84: Building Workspace] INFO  o.e.m.w.i.f.ResourceFilteringBuildParticipant - Changed resources require a complete clean of filtered resources of eGovTest
2025-02-27 16:28:40,172 [Worker-84: Building Workspace] INFO  o.e.m.w.i.f.ResourceFilteringBuildParticipant - Executing resource filtering for eGovTest
2025-02-27 16:51:58,183 [Worker-101: Cleaning all projects] INFO  o.e.m.w.i.f.ResourceFilteringBuildParticipant - Cleaning filtered folder for eGovTest
2025-02-27 16:51:58,304 [Worker-100: Building Workspace] INFO  o.e.m.w.i.f.ResourceFilteringBuildParticipant - Changed resources require a complete clean of filtered resources of eGovTest
2025-02-27 16:51:58,304 [Worker-100: Building Workspace] INFO  o.e.m.w.i.f.ResourceFilteringBuildParticipant - Executing resource filtering for eGovTest
2025-02-27 17:02:09,288 [Worker-109: Cleaning all projects] INFO  o.e.m.w.i.f.ResourceFilteringBuildParticipant - Cleaning filtered folder for eGovTest
2025-02-27 17:02:09,413 [Worker-94: Building Workspace] INFO  o.e.m.w.i.f.ResourceFilteringBuildParticipant - Changed resources require a complete clean of filtered resources of eGovTest
2025-02-27 17:02:09,414 [Worker-94: Building Workspace] INFO  o.e.m.w.i.f.ResourceFilteringBuildParticipant - Executing resource filtering for eGovTest
2025-02-28 08:42:47,911 [Worker-52: Cleaning all projects] INFO  o.e.m.w.i.f.ResourceFilteringBuildParticipant - Cleaning filtered folder for eGovTest
2025-02-28 08:42:48,202 [Worker-53: Building Workspace] INFO  o.e.m.w.i.f.ResourceFilteringBuildParticipant - Changed resources require a complete clean of filtered resources of eGovTest
2025-02-28 08:42:48,202 [Worker-53: Building Workspace] INFO  o.e.m.w.i.f.ResourceFilteringBuildParticipant - Executing resource filtering for eGovTest
2025-02-28 08:44:11,105 [Worker-60: Cleaning all projects] INFO  o.e.m.w.i.f.ResourceFilteringBuildParticipant - Cleaning filtered folder for eGovTest
2025-02-28 08:44:11,273 [Worker-56: Building Workspace] INFO  o.e.m.w.i.f.ResourceFilteringBuildParticipant - Changed resources require a complete clean of filtered resources of eGovTest
2025-02-28 08:44:11,273 [Worker-56: Building Workspace] INFO  o.e.m.w.i.f.ResourceFilteringBuildParticipant - Executing resource filtering for eGovTest
2025-02-28 08:59:18,387 [Worker-59: Cleaning all projects] INFO  o.e.m.w.i.f.ResourceFilteringBuildParticipant - Cleaning filtered folder for eGovTest
2025-02-28 08:59:18,512 [Worker-55: Building Workspace] INFO  o.e.m.w.i.f.ResourceFilteringBuildParticipant - Changed resources require a complete clean of filtered resources of eGovTest
2025-02-28 08:59:18,512 [Worker-55: Building Workspace] INFO  o.e.m.w.i.f.ResourceFilteringBuildParticipant - Executing resource filtering for eGovTest
2025-02-28 09:03:26,193 [Worker-69: Cleaning all projects] INFO  o.e.m.w.i.f.ResourceFilteringBuildParticipant - Cleaning filtered folder for eGovTest
2025-02-28 09:03:26,314 [Worker-56: Building Workspace] INFO  o.e.m.w.i.f.ResourceFilteringBuildParticipant - Changed resources require a complete clean of filtered resources of eGovTest
2025-02-28 09:03:26,314 [Worker-56: Building Workspace] INFO  o.e.m.w.i.f.ResourceFilteringBuildParticipant - Executing resource filtering for eGovTest
2025-02-28 09:21:52,839 [Worker-70: Cleaning all projects] INFO  o.e.m.w.i.f.ResourceFilteringBuildParticipant - Cleaning filtered folder for eGovTest
2025-02-28 09:21:52,992 [Worker-78: Building Workspace] INFO  o.e.m.w.i.f.ResourceFilteringBuildParticipant - Changed resources require a complete clean of filtered resources of eGovTest
2025-02-28 09:21:52,992 [Worker-78: Building Workspace] INFO  o.e.m.w.i.f.ResourceFilteringBuildParticipant - Executing resource filtering for eGovTest
2025-02-28 09:35:02,369 [Worker-88: Cleaning all projects] INFO  o.e.m.w.i.f.ResourceFilteringBuildParticipant - Cleaning filtered folder for eGovTest
2025-02-28 09:35:02,500 [Worker-82: Building Workspace] INFO  o.e.m.w.i.f.ResourceFilteringBuildParticipant - Changed resources require a complete clean of filtered resources of eGovTest
2025-02-28 09:35:02,501 [Worker-82: Building Workspace] INFO  o.e.m.w.i.f.ResourceFilteringBuildParticipant - Executing resource filtering for eGovTest
2025-02-28 09:54:50,522 [Worker-77: Cleaning all projects] INFO  o.e.m.w.i.f.ResourceFilteringBuildParticipant - Cleaning filtered folder for eGovTest
2025-02-28 09:54:50,651 [Worker-104: Building Workspace] INFO  o.e.m.w.i.f.ResourceFilteringBuildParticipant - Changed resources require a complete clean of filtered resources of eGovTest
2025-02-28 09:54:50,651 [Worker-104: Building Workspace] INFO  o.e.m.w.i.f.ResourceFilteringBuildParticipant - Executing resource filtering for eGovTest
2025-02-28 10:49:43,634 [Worker-125: Cleaning all projects] INFO  o.e.m.w.i.f.ResourceFilteringBuildParticipant - Cleaning filtered folder for eGovTest
2025-02-28 10:49:43,817 [Worker-133: Building Workspace] INFO  o.e.m.w.i.f.ResourceFilteringBuildParticipant - Changed resources require a complete clean of filtered resources of eGovTest
2025-02-28 10:49:43,817 [Worker-133: Building Workspace] INFO  o.e.m.w.i.f.ResourceFilteringBuildParticipant - Executing resource filtering for eGovTest
2025-02-28 11:18:01,188 [Worker-144: Cleaning all projects] INFO  o.e.m.w.i.f.ResourceFilteringBuildParticipant - Cleaning filtered folder for eGovTest
2025-02-28 11:18:01,339 [Worker-131: Building Workspace] INFO  o.e.m.w.i.f.ResourceFilteringBuildParticipant - Changed resources require a complete clean of filtered resources of eGovTest
2025-02-28 11:18:01,339 [Worker-131: Building Workspace] INFO  o.e.m.w.i.f.ResourceFilteringBuildParticipant - Executing resource filtering for eGovTest
2025-02-28 12:44:21,548 [Worker-164: Cleaning all projects] INFO  o.e.m.w.i.f.ResourceFilteringBuildParticipant - Cleaning filtered folder for eGovTest
2025-02-28 12:44:21,836 [Worker-161: Building Workspace] INFO  o.e.m.w.i.f.ResourceFilteringBuildParticipant - Changed resources require a complete clean of filtered resources of eGovTest
2025-02-28 12:44:21,836 [Worker-161: Building Workspace] INFO  o.e.m.w.i.f.ResourceFilteringBuildParticipant - Executing resource filtering for eGovTest
2025-02-28 13:27:34,661 [Worker-192: Cleaning all projects] INFO  o.e.m.w.i.f.ResourceFilteringBuildParticipant - Cleaning filtered folder for eGovTest
2025-02-28 13:27:34,781 [Worker-180: Building Workspace] INFO  o.e.m.w.i.f.ResourceFilteringBuildParticipant - Changed resources require a complete clean of filtered resources of eGovTest
